<?xml version="1.0" encoding="UTF-8"?>
<!-- Generated by org.testng.reporters.JUnitReportReporter -->
<testsuite hostname="Tilak" failures="0" tests="1" name="selenium.testscript.CustomerCreation" time="21.160" errors="0" timestamp="2022-12-04T13:27:59 IST" skipped="0">
  <testcase classname="selenium.testscript.CustomerCreation" name="customerCreation" time="21.160"/>
  <system-out>
    <![CDATA[Test Case Passed]]>
  </system-out>
</testsuite> <!-- selenium.testscript.CustomerCreation -->
