<?xml version="1.0" encoding="UTF-8"?>
<!-- Generated by org.testng.reporters.JUnitReportReporter -->
<testsuite hostname="Tilak" failures="0" tests="1" name="selenium.testscript.HiddenDivison" time="13.626" errors="0" timestamp="2022-12-04T13:27:59 IST" skipped="0">
  <testcase classname="selenium.testscript.HiddenDivison" name="hiddenDivison" time="13.626"/>
  <system-out/>
</testsuite> <!-- selenium.testscript.HiddenDivison -->
